<?xml version="1.0" encoding="UTF-8"?>
<!-- Generated by org.testng.reporters.JUnitXMLReporter -->
<testsuite hostname="Avivits-MacBook-Pro.local" ignored="0" name="web Test" tests="8" failures="1" timestamp="09 Aug 2021 15:34:30 GMT" time="62.04" errors="0">
  <testcase name="test01_verifyHeader" time="5.858" classname="sanity.GrafanaWeb"/>
  <testcase name="test02_verifyDefaultUsers" time="1.363" classname="sanity.GrafanaWeb">
    <failure type="java.lang.AssertionError" message="expected [99] but found [1]">
      <![CDATA[java.lang.AssertionError: expected [99] but found [1]
at extensions.Verifications.numberOfElements(Verifications.java:32)
at sanity.GrafanaWeb.test02_verifyDefaultUsers(GrafanaWeb.java:28)
... Removed 34 stack frames]]>
    </failure>
  </testcase> <!-- test02_verifyDefaultUsers -->
  <testcase name="test03_verifyNewUser" time="2.83" classname="sanity.GrafanaWeb"/>
  <testcase name="test04_verifyNewUserDeletion" time="3.446" classname="sanity.GrafanaWeb"/>
  <testcase name="test05_verifyProgressStep" time="0.186" classname="sanity.GrafanaWeb"/>
  <testcase name="test07_SearchUsers" time="14.595" classname="sanity.GrafanaWeb"/>
  <testcase name="test07_SearchUsers" time="3.779" classname="sanity.GrafanaWeb"/>
  <testcase name="test07_SearchUsers" time="13.705" classname="sanity.GrafanaWeb"/>
</testsuite> <!-- web Test -->
