<?xml version="1.0" encoding="UTF-8"?>
<testng-results skipped="0" failed="1" ignored="0" total="8" passed="7">
  <reporter-output>
  </reporter-output>
  <suite name="Web Suite" duration-ms="62040" started-at="2021-08-09T15:33:28Z" finished-at="2021-08-09T15:34:30Z">
    <groups>
    </groups>
    <test name="web Test" duration-ms="62040" started-at="2021-08-09T15:33:28Z" finished-at="2021-08-09T15:34:30Z">
      <class name="sanity.GrafanaWeb">
        <test-method status="PASS" signature="startSession(java.lang.String)[pri:0, instance:sanity.GrafanaWeb@3ad394e6]" name="startSession" is-config="true" duration-ms="11842" started-at="2021-08-09T15:33:28Z" finished-at="2021-08-09T15:33:40Z">
          <params>
            <param index="0">
              <value>
                <![CDATA[web]]>
              </value>
            </param>
          </params>
          <reporter-output>
          </reporter-output>
        </test-method> <!-- startSession -->
        <test-method status="PASS" signature="beforeMethod(java.lang.reflect.Method)[pri:0, instance:sanity.GrafanaWeb@3ad394e6]" name="beforeMethod" is-config="true" duration-ms="107" started-at="2021-08-09T15:33:40Z" finished-at="2021-08-09T15:33:40Z">
          <params>
            <param index="0">
              <value>
                <![CDATA[public void sanity.GrafanaWeb.test01_verifyHeader()]]>
              </value>
            </param>
          </params>
          <reporter-output>
          </reporter-output>
        </test-method> <!-- beforeMethod -->
        <test-method status="PASS" signature="test01_verifyHeader()[pri:0, instance:sanity.GrafanaWeb@3ad394e6]" name="test01_verifyHeader" duration-ms="5858" started-at="2021-08-09T15:33:40Z" description="Test01 - Verify Header" finished-at="2021-08-09T15:33:46Z">
          <reporter-output>
          </reporter-output>
        </test-method> <!-- test01_verifyHeader -->
        <test-method status="PASS" signature="afterMethod()[pri:0, instance:sanity.GrafanaWeb@3ad394e6]" name="afterMethod" is-config="true" duration-ms="380" started-at="2021-08-09T15:33:46Z" finished-at="2021-08-09T15:33:47Z">
          <reporter-output>
          </reporter-output>
        </test-method> <!-- afterMethod -->
        <test-method status="PASS" signature="beforeMethod(java.lang.reflect.Method)[pri:0, instance:sanity.GrafanaWeb@3ad394e6]" name="beforeMethod" is-config="true" duration-ms="22" started-at="2021-08-09T15:33:47Z" finished-at="2021-08-09T15:33:47Z">
          <params>
            <param index="0">
              <value>
                <![CDATA[public void sanity.GrafanaWeb.test02_verifyDefaultUsers()]]>
              </value>
            </param>
          </params>
          <reporter-output>
          </reporter-output>
        </test-method> <!-- beforeMethod -->
        <test-method status="FAIL" signature="test02_verifyDefaultUsers()[pri:0, instance:sanity.GrafanaWeb@3ad394e6]" name="test02_verifyDefaultUsers" duration-ms="1363" started-at="2021-08-09T15:33:47Z" description="Test02 - Verify Default Users" finished-at="2021-08-09T15:33:48Z">
          <exception class="java.lang.AssertionError">
            <message>
              <![CDATA[expected [99] but found [1]]]>
            </message>
            <full-stacktrace>
              <![CDATA[java.lang.AssertionError: expected [99] but found [1]
at org.testng.Assert.fail(Assert.java:96)
at org.testng.Assert.failNotEquals(Assert.java:776)
at org.testng.Assert.assertEqualsImpl(Assert.java:137)
at org.testng.Assert.assertEquals(Assert.java:118)
at org.testng.Assert.assertEquals(Assert.java:652)
at org.testng.Assert.assertEquals(Assert.java:662)
at extensions.Verifications.numberOfElements(Verifications.java:32)
at sanity.GrafanaWeb.test02_verifyDefaultUsers(GrafanaWeb.java:28)
at sun.reflect.NativeMethodAccessorImpl.invoke0(Native Method)
at sun.reflect.NativeMethodAccessorImpl.invoke(NativeMethodAccessorImpl.java:62)
at sun.reflect.DelegatingMethodAccessorImpl.invoke(DelegatingMethodAccessorImpl.java:43)
at java.lang.reflect.Method.invoke(Method.java:498)
at org.testng.internal.MethodInvocationHelper.invokeMethod(MethodInvocationHelper.java:124)
at org.testng.internal.Invoker.invokeMethod(Invoker.java:583)
at org.testng.internal.Invoker.invokeTestMethod(Invoker.java:719)
at org.testng.internal.Invoker.invokeTestMethods(Invoker.java:989)
at org.testng.internal.TestMethodWorker.invokeTestMethods(TestMethodWorker.java:125)
at org.testng.internal.TestMethodWorker.run(TestMethodWorker.java:109)
at org.testng.TestRunner.privateRun(TestRunner.java:648)
at org.testng.TestRunner.run(TestRunner.java:505)
at org.testng.SuiteRunner.runTest(SuiteRunner.java:455)
at org.testng.SuiteRunner.runSequentially(SuiteRunner.java:450)
at org.testng.SuiteRunner.privateRun(SuiteRunner.java:415)
at org.testng.SuiteRunner.run(SuiteRunner.java:364)
at org.testng.SuiteRunnerWorker.runSuite(SuiteRunnerWorker.java:52)
at org.testng.SuiteRunnerWorker.run(SuiteRunnerWorker.java:84)
at org.testng.TestNG.runSuitesSequentially(TestNG.java:1208)
at org.testng.TestNG.runSuitesLocally(TestNG.java:1137)
at org.testng.TestNG.runSuites(TestNG.java:1049)
at org.testng.TestNG.run(TestNG.java:1017)
at org.apache.maven.surefire.testng.TestNGExecutor.run(TestNGExecutor.java:283)
at org.apache.maven.surefire.testng.TestNGXmlTestSuite.execute(TestNGXmlTestSuite.java:75)
at org.apache.maven.surefire.testng.TestNGProvider.invoke(TestNGProvider.java:120)
at org.apache.maven.surefire.booter.ForkedBooter.invokeProviderInSameClassLoader(ForkedBooter.java:386)
at org.apache.maven.surefire.booter.ForkedBooter.runSuitesInProcess(ForkedBooter.java:323)
at org.apache.maven.surefire.booter.ForkedBooter.main(ForkedBooter.java:143)
]]>
            </full-stacktrace>
          </exception> <!-- java.lang.AssertionError -->
          <reporter-output>
          </reporter-output>
        </test-method> <!-- test02_verifyDefaultUsers -->
        <test-method status="PASS" signature="afterMethod()[pri:0, instance:sanity.GrafanaWeb@3ad394e6]" name="afterMethod" is-config="true" duration-ms="185" started-at="2021-08-09T15:33:48Z" finished-at="2021-08-09T15:33:49Z">
          <reporter-output>
          </reporter-output>
        </test-method> <!-- afterMethod -->
        <test-method status="PASS" signature="beforeMethod(java.lang.reflect.Method)[pri:0, instance:sanity.GrafanaWeb@3ad394e6]" name="beforeMethod" is-config="true" duration-ms="16" started-at="2021-08-09T15:33:49Z" finished-at="2021-08-09T15:33:49Z">
          <params>
            <param index="0">
              <value>
                <![CDATA[public void sanity.GrafanaWeb.test03_verifyNewUser()]]>
              </value>
            </param>
          </params>
          <reporter-output>
          </reporter-output>
        </test-method> <!-- beforeMethod -->
        <test-method status="PASS" signature="test03_verifyNewUser()[pri:0, instance:sanity.GrafanaWeb@3ad394e6]" name="test03_verifyNewUser" duration-ms="2830" started-at="2021-08-09T15:33:49Z" description="Test03 - Verify New User" finished-at="2021-08-09T15:33:51Z">
          <reporter-output>
          </reporter-output>
        </test-method> <!-- test03_verifyNewUser -->
        <test-method status="PASS" signature="afterMethod()[pri:0, instance:sanity.GrafanaWeb@3ad394e6]" name="afterMethod" is-config="true" duration-ms="273" started-at="2021-08-09T15:33:52Z" finished-at="2021-08-09T15:33:52Z">
          <reporter-output>
          </reporter-output>
        </test-method> <!-- afterMethod -->
        <test-method status="PASS" signature="beforeMethod(java.lang.reflect.Method)[pri:0, instance:sanity.GrafanaWeb@3ad394e6]" name="beforeMethod" is-config="true" duration-ms="30" started-at="2021-08-09T15:33:52Z" finished-at="2021-08-09T15:33:52Z">
          <params>
            <param index="0">
              <value>
                <![CDATA[public void sanity.GrafanaWeb.test04_verifyNewUserDeletion()]]>
              </value>
            </param>
          </params>
          <reporter-output>
          </reporter-output>
        </test-method> <!-- beforeMethod -->
        <test-method status="PASS" signature="test04_verifyNewUserDeletion()[pri:0, instance:sanity.GrafanaWeb@3ad394e6]" name="test04_verifyNewUserDeletion" duration-ms="3446" started-at="2021-08-09T15:33:52Z" description="Test04 - Verify User Deletion" finished-at="2021-08-09T15:33:55Z">
          <reporter-output>
          </reporter-output>
        </test-method> <!-- test04_verifyNewUserDeletion -->
        <test-method status="PASS" signature="afterMethod()[pri:0, instance:sanity.GrafanaWeb@3ad394e6]" name="afterMethod" is-config="true" duration-ms="203" started-at="2021-08-09T15:33:55Z" finished-at="2021-08-09T15:33:56Z">
          <reporter-output>
          </reporter-output>
        </test-method> <!-- afterMethod -->
        <test-method status="PASS" signature="beforeMethod(java.lang.reflect.Method)[pri:0, instance:sanity.GrafanaWeb@3ad394e6]" name="beforeMethod" is-config="true" duration-ms="26" started-at="2021-08-09T15:33:56Z" finished-at="2021-08-09T15:33:56Z">
          <params>
            <param index="0">
              <value>
                <![CDATA[public void sanity.GrafanaWeb.test05_verifyProgressStep()]]>
              </value>
            </param>
          </params>
          <reporter-output>
          </reporter-output>
        </test-method> <!-- beforeMethod -->
        <test-method status="PASS" signature="test05_verifyProgressStep()[pri:0, instance:sanity.GrafanaWeb@3ad394e6]" name="test05_verifyProgressStep" duration-ms="186" started-at="2021-08-09T15:33:56Z" description="Test05 - Verify Progress Steps" finished-at="2021-08-09T15:33:56Z">
          <reporter-output>
          </reporter-output>
        </test-method> <!-- test05_verifyProgressStep -->
        <test-method status="PASS" signature="afterMethod()[pri:0, instance:sanity.GrafanaWeb@3ad394e6]" name="afterMethod" is-config="true" duration-ms="197" started-at="2021-08-09T15:33:56Z" finished-at="2021-08-09T15:33:56Z">
          <reporter-output>
          </reporter-output>
        </test-method> <!-- afterMethod -->
        <test-method status="PASS" signature="beforeMethod(java.lang.reflect.Method)[pri:0, instance:sanity.GrafanaWeb@3ad394e6]" name="beforeMethod" is-config="true" duration-ms="16" started-at="2021-08-09T15:33:56Z" finished-at="2021-08-09T15:33:56Z">
          <params>
            <param index="0">
              <value>
                <![CDATA[public void sanity.GrafanaWeb.test07_SearchUsers(java.lang.String,java.lang.String)]]>
              </value>
            </param>
          </params>
          <reporter-output>
          </reporter-output>
        </test-method> <!-- beforeMethod -->
        <test-method status="PASS" signature="test07_SearchUsers(java.lang.String, java.lang.String)[pri:0, instance:sanity.GrafanaWeb@3ad394e6]" name="test07_SearchUsers" duration-ms="14595" started-at="2021-08-09T15:33:56Z" description="Test07 - Search Users" data-provider="data-provider-users" finished-at="2021-08-09T15:34:11Z">
          <params>
            <param index="0">
              <value>
                <![CDATA[Avivit ]]>
              </value>
            </param>
            <param index="1">
              <value>
                <![CDATA[not-exists]]>
              </value>
            </param>
          </params>
          <reporter-output>
          </reporter-output>
        </test-method> <!-- test07_SearchUsers -->
        <test-method status="PASS" signature="afterMethod()[pri:0, instance:sanity.GrafanaWeb@3ad394e6]" name="afterMethod" is-config="true" duration-ms="243" started-at="2021-08-09T15:34:11Z" finished-at="2021-08-09T15:34:11Z">
          <reporter-output>
          </reporter-output>
        </test-method> <!-- afterMethod -->
        <test-method status="PASS" signature="beforeMethod(java.lang.reflect.Method)[pri:0, instance:sanity.GrafanaWeb@3ad394e6]" name="beforeMethod" is-config="true" duration-ms="20" started-at="2021-08-09T15:34:11Z" finished-at="2021-08-09T15:34:11Z">
          <params>
            <param index="0">
              <value>
                <![CDATA[public void sanity.GrafanaWeb.test07_SearchUsers(java.lang.String,java.lang.String)]]>
              </value>
            </param>
          </params>
          <reporter-output>
          </reporter-output>
        </test-method> <!-- beforeMethod -->
        <test-method status="PASS" signature="test07_SearchUsers(java.lang.String, java.lang.String)[pri:0, instance:sanity.GrafanaWeb@3ad394e6]" name="test07_SearchUsers" duration-ms="3779" started-at="2021-08-09T15:34:11Z" description="Test07 - Search Users" data-provider="data-provider-users" finished-at="2021-08-09T15:34:15Z">
          <params>
            <param index="0">
              <value>
                <![CDATA[admin ]]>
              </value>
            </param>
            <param index="1">
              <value>
                <![CDATA[exists]]>
              </value>
            </param>
          </params>
          <reporter-output>
          </reporter-output>
        </test-method> <!-- test07_SearchUsers -->
        <test-method status="PASS" signature="afterMethod()[pri:0, instance:sanity.GrafanaWeb@3ad394e6]" name="afterMethod" is-config="true" duration-ms="241" started-at="2021-08-09T15:34:15Z" finished-at="2021-08-09T15:34:15Z">
          <reporter-output>
          </reporter-output>
        </test-method> <!-- afterMethod -->
        <test-method status="PASS" signature="beforeMethod(java.lang.reflect.Method)[pri:0, instance:sanity.GrafanaWeb@3ad394e6]" name="beforeMethod" is-config="true" duration-ms="44" started-at="2021-08-09T15:34:15Z" finished-at="2021-08-09T15:34:16Z">
          <params>
            <param index="0">
              <value>
                <![CDATA[public void sanity.GrafanaWeb.test07_SearchUsers(java.lang.String,java.lang.String)]]>
              </value>
            </param>
          </params>
          <reporter-output>
          </reporter-output>
        </test-method> <!-- beforeMethod -->
        <test-method status="PASS" signature="test07_SearchUsers(java.lang.String, java.lang.String)[pri:0, instance:sanity.GrafanaWeb@3ad394e6]" name="test07_SearchUsers" duration-ms="13705" started-at="2021-08-09T15:34:16Z" description="Test07 - Search Users" data-provider="data-provider-users" finished-at="2021-08-09T15:34:29Z">
          <params>
            <param index="0">
              <value>
                <![CDATA[david ]]>
              </value>
            </param>
            <param index="1">
              <value>
                <![CDATA[not-exists]]>
              </value>
            </param>
          </params>
          <reporter-output>
          </reporter-output>
        </test-method> <!-- test07_SearchUsers -->
        <test-method status="PASS" signature="afterMethod()[pri:0, instance:sanity.GrafanaWeb@3ad394e6]" name="afterMethod" is-config="true" duration-ms="245" started-at="2021-08-09T15:34:29Z" finished-at="2021-08-09T15:34:30Z">
          <reporter-output>
          </reporter-output>
        </test-method> <!-- afterMethod -->
        <test-method status="PASS" signature="closeSession()[pri:0, instance:sanity.GrafanaWeb@3ad394e6]" name="closeSession" is-config="true" duration-ms="204" started-at="2021-08-09T15:34:30Z" finished-at="2021-08-09T15:34:30Z">
          <reporter-output>
          </reporter-output>
        </test-method> <!-- closeSession -->
      </class> <!-- sanity.GrafanaWeb -->
    </test> <!-- web Test -->
  </suite> <!-- Web Suite -->
</testng-results>
